#
# There is insufficient memory for the Java Runtime Environment to continue.
# Native memory allocation (mmap) failed to map 398458880 bytes for G1 virtual space
# Possible reasons:
#   The system is out of physical RAM or swap space
#   The process is running with CompressedOops enabled, and the Java Heap may be blocking the growth of the native heap
# Possible solutions:
#   Reduce memory load on the system
#   Increase physical memory or swap space
#   Check if swap backing store is full
#   Decrease Java heap size (-Xmx/-Xms)
#   Decrease number of Java threads
#   Decrease Java thread stack sizes (-Xss)
#   Set larger code cache with -XX:ReservedCodeCacheSize=
#   JVM is running with Zero Based Compressed Oops mode in which the Java heap is
#     placed in the first 32GB address space. The Java Heap base address is the
#     maximum limit for the native heap growth. Please use -XX:HeapBaseMinAddress
#     to set the Java Heap base and to place the Java Heap above 32GB virtual address.
# This output file may be truncated or incomplete.
#
#  Out of Memory Error (os_windows.cpp:3528), pid=5552, tid=25152
#
# JRE version:  (20.0.1+9) (build )
# Java VM: Java HotSpot(TM) 64-Bit Server VM (20.0.1+9-29, mixed mode, sharing, tiered, compressed oops, compressed class ptrs, g1 gc, windows-amd64)
# No core dump will be written. Minidumps are not enabled by default on client versions of Windows
#

---------------  S U M M A R Y ------------

Command Line: --module-path=C:\Users\USER\eclipse-workspace\Coding\bin -XX:+ShowCodeDetailsInExceptionMessages -Djdk.module.main=Day1 Day1/Logic.Day1_logic_3

Host: 12th Gen Intel(R) Core(TM) i5-12500H, 16 cores, 23G,  Windows 11 , 64 bit Build 22621 (10.0.22621.2070)
Time: Wed Sep  6 18:02:32 2023  Windows 11 , 64 bit Build 22621 (10.0.22621.2070) elapsed time: 0.007222 seconds (0d 0h 0m 0s)

---------------  T H R E A D  ---------------

Current thread (0x000001ee5ca26bc0):  JavaThread "Unknown thread" [_thread_in_vm, id=25152, stack(0x000000616ce00000,0x000000616cf00000)]

Stack: [0x000000616ce00000,0x000000616cf00000]
Native frames: (J=compiled Java code, j=interpreted, Vv=VM code, C=native code)
V  [jvm.dll+0x6bb95a]
V  [jvm.dll+0x8485fa]
V  [jvm.dll+0x84a1f5]
V  [jvm.dll+0x84a8f3]
V  [jvm.dll+0x280b0f]
V  [jvm.dll+0x6b86e9]
V  [jvm.dll+0x6ad2da]
V  [jvm.dll+0x35adf5]
V  [jvm.dll+0x363016]
V  [jvm.dll+0x3b3b3e]
V  [jvm.dll+0x3b3dc5]
V  [jvm.dll+0x32b50a]
V  [jvm.dll+0x32c32b]
V  [jvm.dll+0x8112bf]
V  [jvm.dll+0x3c0d91]
V  [jvm.dll+0x7fcfe3]
V  [jvm.dll+0x44c76f]
V  [jvm.dll+0x44e0e1]
C  [jli.dll+0x5287]
C  [ucrtbase.dll+0x29363]
C  [KERNEL32.DLL+0x126ad]
C  [ntdll.dll+0x5aa68]


---------------  P R O C E S S  ---------------

Threads class SMR info:
_java_thread_list=0x00007ff83a13a098, length=0, elements={
}

Java Threads: ( => current thread )

Other Threads:
  0x000001ee5cab66d0 WorkerThread "GC Thread#0" [stack: 0x000000616cf00000,0x000000616d000000] [id=27160]
  0x000001ee5cac3e10 ConcurrentGCThread "G1 Main Marker" [stack: 0x000000616d000000,0x000000616d100000] [id=13004]
  0x000001ee5cac4840 WorkerThread "G1 Conc#0" [stack: 0x000000616d100000,0x000000616d200000] [id=11004]

[error occurred during error reporting (printing all threads), id 0xc0000005, EXCEPTION_ACCESS_VIOLATION (0xc0000005) at pc=0x00007ff83991eb47]
VM state: not at safepoint (not fully initialized)

VM Mutex/Monitor currently owned by a thread:  ([mutex/lock_event])
[0x000001ee5ca23310] Heap_lock - owner thread: 0x000001ee5ca26bc0

Heap address: 0x0000000684c00000, size: 6068 MB, Compressed Oops mode: Zero based, Oop shift amount: 3

CDS archive(s) mapped at: [0x0000000000000000-0x0000000000000000-0x0000000000000000), size 0, SharedBaseAddress: 0x0000000800000000, ArchiveRelocationMode: 0.
Narrow klass base: 0x0000000000000000, Narrow klass shift: 0, Narrow klass range: 0x0

GC Precious Log:
 CardTable entry size: 512
 Card Set container configuration: InlinePtr #cards 4 size 8 Array Of Cards #cards 32 size 80 Howl #buckets 8 coarsen threshold 7372 Howl Bitmap #cards 1024 size 144 coarsen threshold 921 Card regions per heap region 1 cards per card region 8192

Heap:
 garbage-first heap   total 0K, used 0K [0x0000000684c00000, 0x0000000800000000)
  region size 4096K, 0 young (0K), 0 survivors (0K)

[error occurred during error reporting (printing heap information), id 0xc0000005, EXCEPTION_ACCESS_VIOLATION (0xc0000005) at pc=0x00007ff839cf3c59]
GC Heap History (0 events):
No events

Dll operation events (1 events):
Event: 0.004 Loaded shared library C:\Program Files\Java\jdk-20\bin\java.dll

Deoptimization events (0 events):
No events

Classes loaded (0 events):
No events

Classes unloaded (0 events):
No events

Classes redefined (0 events):
No events

Internal exceptions (0 events):
No events

VM Operations (0 events):
No events

Events (0 events):
No events


Dynamic libraries:
0x00007ff729710000 - 0x00007ff729720000 	C:\Program Files\Java\jdk-20\bin\javaw.exe
0x00007ff8a35f0000 - 0x00007ff8a3804000 	C:\WINDOWS\SYSTEM32\ntdll.dll
0x00007ff8a13b0000 - 0x00007ff8a1474000 	C:\WINDOWS\System32\KERNEL32.DLL
0x00007ff8a0a40000 - 0x00007ff8a0de4000 	C:\WINDOWS\System32\KERNELBASE.dll
0x00007ff8a0df0000 - 0x00007ff8a0f01000 	C:\WINDOWS\System32\ucrtbase.dll
0x00007ff88cce0000 - 0x00007ff88ccfb000 	C:\Program Files\Java\jdk-20\bin\VCRUNTIME140.dll
0x00007ff88e160000 - 0x00007ff88e179000 	C:\Program Files\Java\jdk-20\bin\jli.dll
0x00007ff8a3480000 - 0x00007ff8a3530000 	C:\WINDOWS\System32\ADVAPI32.dll
0x00007ff8a1ed0000 - 0x00007ff8a1f77000 	C:\WINDOWS\System32\msvcrt.dll
0x00007ff8a1e20000 - 0x00007ff8a1ec6000 	C:\WINDOWS\System32\sechost.dll
0x00007ff8a2150000 - 0x00007ff8a2267000 	C:\WINDOWS\System32\RPCRT4.dll
0x00007ff8a22d0000 - 0x00007ff8a247a000 	C:\WINDOWS\System32\USER32.dll
0x00007ff895260000 - 0x00007ff8954ef000 	C:\WINDOWS\WinSxS\amd64_microsoft.windows.common-controls_6595b64144ccf1df_6.0.22621.2070_none_2713e6537381f706\COMCTL32.dll
0x00007ff8a1c30000 - 0x00007ff8a1c59000 	C:\WINDOWS\System32\GDI32.dll
0x00007ff8a1380000 - 0x00007ff8a13a6000 	C:\WINDOWS\System32\win32u.dll
0x00007ff8a1070000 - 0x00007ff8a1189000 	C:\WINDOWS\System32\gdi32full.dll
0x00007ff8a0fd0000 - 0x00007ff8a106a000 	C:\WINDOWS\System32\msvcp_win.dll
0x00007ff896140000 - 0x00007ff89614a000 	C:\WINDOWS\SYSTEM32\VERSION.dll
0x00007ff8a2da0000 - 0x00007ff8a2dd1000 	C:\WINDOWS\System32\IMM32.DLL
0x00007ff8971d0000 - 0x00007ff8971dc000 	C:\Program Files\Java\jdk-20\bin\vcruntime140_1.dll
0x00007ff876a90000 - 0x00007ff876b1e000 	C:\Program Files\Java\jdk-20\bin\msvcp140.dll
0x00007ff8395e0000 - 0x00007ff83a277000 	C:\Program Files\Java\jdk-20\bin\server\jvm.dll
0x00007ff896170000 - 0x00007ff896179000 	C:\WINDOWS\SYSTEM32\WSOCK32.dll
0x00007ff8a1a50000 - 0x00007ff8a1ac1000 	C:\WINDOWS\System32\WS2_32.dll
0x00007ff897f60000 - 0x00007ff897f94000 	C:\WINDOWS\SYSTEM32\WINMM.dll
0x00007ff89fa10000 - 0x00007ff89fa28000 	C:\WINDOWS\SYSTEM32\kernel.appcore.dll
0x00007ff8964b0000 - 0x00007ff8964ba000 	C:\Program Files\Java\jdk-20\bin\jimage.dll
0x00007ff89e3d0000 - 0x00007ff89e5fe000 	C:\WINDOWS\SYSTEM32\DBGHELP.DLL
0x00007ff8a30e0000 - 0x00007ff8a346a000 	C:\WINDOWS\System32\combase.dll
0x00007ff8a1970000 - 0x00007ff8a1a47000 	C:\WINDOWS\System32\OLEAUT32.dll
0x00007ff897230000 - 0x00007ff897262000 	C:\WINDOWS\SYSTEM32\dbgcore.DLL
0x00007ff8a1190000 - 0x00007ff8a120a000 	C:\WINDOWS\System32\bcryptPrimitives.dll
0x00007ff87cdf0000 - 0x00007ff87ce16000 	C:\Program Files\Java\jdk-20\bin\java.dll

dbghelp: loaded successfully - version: 4.0.5 - missing functions: none
symbol engine: initialized successfully - sym options: 0x614 - pdb path: .;C:\Program Files\Java\jdk-20\bin;C:\WINDOWS\SYSTEM32;C:\WINDOWS\WinSxS\amd64_microsoft.windows.common-controls_6595b64144ccf1df_6.0.22621.2070_none_2713e6537381f706;C:\Program Files\Java\jdk-20\bin\server

VM Arguments:
jvm_args: --module-path=C:\Users\USER\eclipse-workspace\Coding\bin -XX:+ShowCodeDetailsInExceptionMessages -Djdk.module.main=Day1 
java_command: Day1/Logic.Day1_logic_3
java_class_path (initial): <not set>
Launcher Type: SUN_STANDARD

[Global flags]
     intx CICompilerCount                          = 12                                        {product} {ergonomic}
     uint ConcGCThreads                            = 3                                         {product} {ergonomic}
     uint G1ConcRefinementThreads                  = 13                                        {product} {ergonomic}
   size_t G1HeapRegionSize                         = 4194304                                   {product} {ergonomic}
    uintx GCDrainStackTargetSize                   = 64                                        {product} {ergonomic}
   size_t InitialHeapSize                          = 398458880                                 {product} {ergonomic}
   size_t MarkStackSize                            = 4194304                                   {product} {ergonomic}
   size_t MaxHeapSize                              = 6362759168                                {product} {ergonomic}
   size_t MinHeapDeltaBytes                        = 4194304                                   {product} {ergonomic}
   size_t MinHeapSize                              = 8388608                                   {product} {ergonomic}
    uintx NonNMethodCodeHeapSize                   = 7602480                                {pd product} {ergonomic}
    uintx NonProfiledCodeHeapSize                  = 122027880                              {pd product} {ergonomic}
    uintx ProfiledCodeHeapSize                     = 122027880                              {pd product} {ergonomic}
    uintx ReservedCodeCacheSize                    = 251658240                              {pd product} {ergonomic}
     bool SegmentedCodeCache                       = true                                      {product} {ergonomic}
     bool ShowCodeDetailsInExceptionMessages       = true                                   {manageable} {command line}
   size_t SoftMaxHeapSize                          = 6362759168                             {manageable} {ergonomic}
     bool UseCompressedClassPointers               = true                           {product lp64_product} {ergonomic}
     bool UseCompressedOops                        = true                           {product lp64_product} {ergonomic}
     bool UseG1GC                                  = true                                      {product} {ergonomic}
     bool UseLargePagesIndividualAllocation        = false                                  {pd product} {ergonomic}

Logging:
Log output configuration:
 #0: stdout all=warning uptime,level,tags foldmultilines=false
 #1: stderr all=off uptime,level,tags foldmultilines=false

Environment Variables:
JAVA_HOME=C:\Program Files\Eclipse Adoptium\jdk-11.0.19.7-hotspot\
PATH=C:\oraclexe\app\oracle\product\10.2.0\server\bin;C:\Program Files\Common Files\Oracle\Java\javapath;C:\Program Files\Eclipse Adoptium\jdk-11.0.19.7-hotspot\bin;C:\WINDOWS\system32;C:\WINDOWS;C:\WINDOWS\System32\Wbem;C:\WINDOWS\System32\WindowsPowerShell\v1.0\;C:\WINDOWS\System32\OpenSSH\;C:\Program Files\Git\cmd;C:\Users\USER\AppData\Local\Microsoft\WindowsApps;C:\Users\USER\AppData\Local\GitHubDesktop\bin;
USERNAME=USER
OS=Windows_NT
PROCESSOR_IDENTIFIER=Intel64 Family 6 Model 154 Stepping 3, GenuineIntel
TMP=C:\Users\USER\AppData\Local\Temp
TEMP=C:\Users\USER\AppData\Local\Temp




---------------  S Y S T E M  ---------------

OS:
 Windows 11 , 64 bit Build 22621 (10.0.22621.2070)
OS uptime: 23 days 23:16 hours

CPU: total 16 (initial active 16) (8 cores per cpu, 2 threads per core) family 6 model 154 stepping 3 microcode 0x41e, cx8, cmov, fxsr, ht, mmx, 3dnowpref, sse, sse2, sse3, ssse3, sse4.1, sse4.2, popcnt, lzcnt, tsc, tscinvbit, avx, avx2, aes, erms, clmul, bmi1, bmi2, adx, sha, fma, vzeroupper, clflush, clflushopt, clwb, serialize, rdtscp, rdpid, fsrm, f16c, pku, cet_ibt, cet_ss

Memory: 4k page, system-wide physical 24269M (12699M free)
TotalPageFile size 47230M (AvailPageFile size 193M)
current process WorkingSet (physical memory assigned to process): 11M, peak: 11M
current process commit charge ("private bytes"): 70M, peak: 450M

vm_info: Java HotSpot(TM) 64-Bit Server VM (20.0.1+9-29) for windows-amd64 JRE (20.0.1+9-29), built on 2023-03-07T13:56:11Z by "mach5one" with MS VC++ 17.1 (VS2022)

END.
